[07:25:41] [ServerMain/WARN]: [oshi.software.os.linux.LinuxOperatingSystem] Did not find udev library in operating system. Some features may not work.
[07:25:41] [ServerMain/WARN]: Failed to get system info for Microarchitecture
java.lang.NullPointerException: Cannot invoke "String.toUpperCase()" because "this.cpuVendor" is null
	at oshi.hardware.CentralProcessor$ProcessorIdentifier.queryMicroarchitecture(CentralProcessor.java:825) ~[oshi-core-6.4.5.jar:6.4.5]
	at oshi.util.Memoizer$1.get(Memoizer.java:61) ~[oshi-core-6.4.5.jar:6.4.5]
	at oshi.hardware.CentralProcessor$ProcessorIdentifier.getMicroarchitecture(CentralProcessor.java:816) ~[oshi-core-6.4.5.jar:6.4.5]
	at net.minecraft.SystemReport.setDetail(SystemReport.java:67) ~[paper-1.20.4.jar:git-Paper-499]
	at net.minecraft.SystemReport.putProcessor(SystemReport.java:130) ~[paper-1.20.4.jar:git-Paper-499]
	at net.minecraft.SystemReport.lambda$putHardware$4(SystemReport.java:76) ~[paper-1.20.4.jar:git-Paper-499]
	at net.minecraft.SystemReport.ignoreErrors(SystemReport.java:83) ~[paper-1.20.4.jar:git-Paper-499]
	at net.minecraft.SystemReport.lambda$putHardware$4(SystemReport.java:76) ~[paper-1.20.4.jar:git-Paper-499]
	at net.minecraft.SystemReport.lambda$new$2(SystemReport.java:54) ~[paper-1.20.4.jar:git-Paper-499]
	at net.minecraft.SystemReport.ignoreErrors(SystemReport.java:83) ~[paper-1.20.4.jar:git-Paper-499]
	at net.minecraft.SystemReport.lambda$new$2(SystemReport.java:54) ~[paper-1.20.4.jar:git-Paper-499]
	at net.minecraft.CrashReport.<init>(CrashReport.java:34) ~[paper-1.20.4.jar:git-Paper-499]
	at net.minecraft.CrashReport.preload(CrashReport.java:257) ~[paper-1.20.4.jar:git-Paper-499]
	at net.minecraft.server.Main.main(Main.java:115) ~[paper-1.20.4.jar:git-Paper-499]
	at org.bukkit.craftbukkit.Main.main(Main.java:326) ~[paper-1.20.4.jar:git-Paper-499]
	at io.papermc.paperclip.Paperclip.lambda$main$0(Paperclip.java:42) ~[app:?]
	at java.lang.Thread.run(Unknown Source) ~[?:?]
[07:25:44] [ServerMain/WARN]: You specified a resource pack without providing a sha1 hash. Pack will be updated on the client only if you change the name of the pack.
[07:25:44] [ServerMain/WARN]: resource-pack-id missing, using default of d3c6877d-3e0a-3c1d-a301-adac1785d53c
[07:25:44] [ServerMain/INFO]: Environment: Environment[sessionHost=https://sessionserver.mojang.com, servicesHost=https://api.minecraftservices.com, name=PROD]
[07:25:44] [ServerMain/INFO]: Found new data pack file/Camps. Castles. Carrigaes. 2.3.1.zip, loading it automatically
[07:25:44] [ServerMain/INFO]: Found new data pack file/DnT Stronghold Rework v1.1.2.zip, loading it automatically
[07:25:44] [ServerMain/INFO]: Found new data pack file/Dungeons and Taverns v3.1.1.zip, loading it automatically
[07:25:44] [ServerMain/INFO]: Found new data pack file/From-The-Fog-1.20.3-1.20.4-v1.9.3-Data-Resource-Pack.zip, loading it automatically
[07:25:44] [ServerMain/INFO]: Found new data pack file/Incendium_1.20_v5.3.5.zip, loading it automatically
[07:25:44] [ServerMain/INFO]: Found new data pack file/Nullscape_1.20_v1.2.8.zip, loading it automatically
[07:25:44] [ServerMain/INFO]: Found new data pack file/Nyctophobia-Dread-Data-Pack-1.20.4.zip, loading it automatically
[07:25:44] [ServerMain/INFO]: Found new data pack file/PK_Waystones_V3.2.5_MC_1.20.3_to_1.20.4.zip, loading it automatically
[07:25:44] [ServerMain/INFO]: Found new data pack file/ServerSleep.zip, loading it automatically
[07:25:44] [ServerMain/INFO]: Found new data pack file/[1.20-1.20.6] Horde Nights v1.0.9.zip, loading it automatically
[07:25:44] [ServerMain/INFO]: Found new data pack file/back v1.3.10 (MC 1.21-1.21.4).zip, loading it automatically
[07:25:44] [ServerMain/INFO]: Found new data pack file/bukkit, loading it automatically
[07:25:44] [ServerMain/INFO]: Found new data pack file/coordinates hud v1.2.11 (MC 1.21-1.21.4).zip, loading it automatically
[07:25:44] [ServerMain/INFO]: Found new data pack file/furnicraft v2.3.zip, loading it automatically
[07:25:44] [ServerMain/INFO]: Found new data pack file/graves v3.0.7 (MC 1.21-1.21.4).zip, loading it automatically
[07:25:44] [ServerMain/INFO]: Found new data pack file/homes v1.5.12 (MC 1.21-1.21.4).zip, loading it automatically
[07:25:44] [ServerMain/INFO]: Found new data pack file/joshs-more-foods_v4.1.10_data_pack.zip, loading it automatically
[07:25:44] [ServerMain/INFO]: Found new data pack file/lukis-grand-capitals-v1-1-1.zip, loading it automatically
[07:25:44] [ServerMain/INFO]: Found new data pack file/multiplayer sleep v2.6.10 (MC 1.21-1.21.4).zip, loading it automatically
[07:25:44] [ServerMain/INFO]: Found new data pack file/name colors v1.0.8 (MC 1.21-1.21.4).zip, loading it automatically
[07:25:44] [ServerMain/INFO]: Found new data pack file/player head drops v1.1.10 (MC 1.21-1.21.4).zip, loading it automatically
[07:25:44] [ServerMain/INFO]: Found new data pack file/spawn v2.3.10 (MC 1.21-1.21.4).zip, loading it automatically
[07:25:44] [ServerMain/INFO]: Found new data pack file/spellbound-weapons-v4.0.5m.zip, loading it automatically
[07:25:44] [ServerMain/INFO]: Found new data pack file/timber v2.1.12 (MC 1.21-1.21.4).zip, loading it automatically
[07:25:44] [ServerMain/INFO]: Found new data pack file/tpa v2.3.10 (MC 1.21-1.21.4).zip, loading it automatically
[07:25:44] [ServerMain/INFO]: Found new data pack file/unlock all recipes v2.0.11 (MC 1.21-1.21.4).zip, loading it automatically
[07:25:44] [ServerMain/INFO]: Found new data pack file/vanillarefresh-v1.4.19h_1.20.x.zip, loading it automatically
[07:25:44] [ServerMain/INFO]: Found new data pack file/wandering trades hermit edition v1.9.6 (MC 1.21-1.21.4).zip, loading it automatically
[07:25:44] [ServerMain/INFO]: Found new data pack file/wandering trades v1.7.9 (MC 1.21-1.21.4).zip, loading it automatically
[07:25:44] [ServerMain/INFO]: No existing world data, creating new world
[07:25:46] [ServerMain/INFO]: Loaded 1217 recipes
[07:25:46] [ServerMain/ERROR]: Failed to load function watching:check
java.util.concurrent.CompletionException: java.lang.IllegalArgumentException: Whilst parsing command on line 1: Unknown or incomplete command, see below for error at position 0: <--[HERE]
	at java.util.concurrent.CompletableFuture.encodeThrowable(Unknown Source) ~[?:?]
	at java.util.concurrent.CompletableFuture.completeThrowable(Unknown Source) ~[?:?]
	at java.util.concurrent.CompletableFuture$AsyncSupply.run(Unknown Source) ~[?:?]
	at java.util.concurrent.ThreadPoolExecutor.runWorker(Unknown Source) ~[?:?]
	at java.util.concurrent.ThreadPoolExecutor$Worker.run(Unknown Source) ~[?:?]
	at java.lang.Thread.run(Unknown Source) ~[?:?]
Caused by: java.lang.IllegalArgumentException: Whilst parsing command on line 1: Unknown or incomplete command, see below for error at position 0: <--[HERE]
	at net.minecraft.commands.functions.CommandFunction.fromLines(CommandFunction.java:84) ~[paper-1.20.4.jar:git-Paper-499]
	at net.minecraft.server.ServerFunctionLibrary.lambda$reload$2(ServerFunctionLibrary.java:91) ~[?:?]
	... 4 more
[07:25:46] [ServerMain/ERROR]: Parsing error loading custom advancement h-nigh:stats/mobs/creepers/modded/spruce_creeper: Not a JSON object: [{"condition":"minecraft:entity_properties","entity":"this","predicate":{"type":"creeperoverhaul:spruce_creeper","nbt":"{Tags:[\"h-nigh.mob\"]}"}}] missed input: {"requirement":{"trigger":"minecraft:player_killed_entity","conditions":{"entity":[{"condition":"minecraft:entity_properties","entity":"this","predicate":{"type":"creeperoverhaul:spruce_creeper","nbt":"{Tags:[\"h-nigh.mob\"]}"}}]}}}; Advancement criteria cannot be empty
[07:25:46] [ServerMain/ERROR]: Parsing error loading custom advancement h-nigh:stats/mobs/creepers/modded/dark_oak_creeper: Not a JSON object: [{"condition":"minecraft:entity_properties","entity":"this","predicate":{"type":"creeperoverhaul:dark_oak_creeper","nbt":"{Tags:[\"h-nigh.mob\"]}"}}] missed input: {"requirement":{"trigger":"minecraft:player_killed_entity","conditions":{"entity":[{"condition":"minecraft:entity_properties","entity":"this","predicate":{"type":"creeperoverhaul:dark_oak_creeper","nbt":"{Tags:[\"h-nigh.mob\"]}"}}]}}}; Advancement criteria cannot be empty
[07:25:46] [ServerMain/ERROR]: Parsing error loading custom advancement h-nigh:stats/mobs/creepers/modded/bamboo_creeper: Not a JSON object: [{"condition":"minecraft:entity_properties","entity":"this","predicate":{"type":"creeperoverhaul:bamboo_creeper","nbt":"{Tags:[\"h-nigh.mob\"]}"}}] missed input: {"requirement":{"trigger":"minecraft:player_killed_entity","conditions":{"entity":[{"condition":"minecraft:entity_properties","entity":"this","predicate":{"type":"creeperoverhaul:bamboo_creeper","nbt":"{Tags:[\"h-nigh.mob\"]}"}}]}}}; Advancement criteria cannot be empty
[07:25:46] [ServerMain/ERROR]: Parsing error loading custom advancement h-nigh:stats/mobs/creepers/modded/snowy_creeper: Not a JSON object: [{"condition":"minecraft:entity_properties","entity":"this","predicate":{"type":"creeperoverhaul:snowy_creeper","nbt":"{Tags:[\"h-nigh.mob\"]}"}}] missed input: {"requirement":{"trigger":"minecraft:player_killed_entity","conditions":{"entity":[{"condition":"minecraft:entity_properties","entity":"this","predicate":{"type":"creeperoverhaul:snowy_creeper","nbt":"{Tags:[\"h-nigh.mob\"]}"}}]}}}; Advancement criteria cannot be empty
[07:25:46] [ServerMain/ERROR]: Parsing error loading custom advancement h-nigh:stats/mobs/creepers/modded/badlands_creeper: Not a JSON object: [{"condition":"minecraft:entity_properties","entity":"this","predicate":{"type":"creeperoverhaul:badlands_creeper","nbt":"{Tags:[\"h-nigh.mob\"]}"}}] missed input: {"requirement":{"trigger":"minecraft:player_killed_entity","conditions":{"entity":[{"condition":"minecraft:entity_properties","entity":"this","predicate":{"type":"creeperoverhaul:badlands_creeper","nbt":"{Tags:[\"h-nigh.mob\"]}"}}]}}}; Advancement criteria cannot be empty
[07:25:46] [ServerMain/ERROR]: Parsing error loading custom advancement h-nigh:stats/mobs/creepers/modded/beach_creeper: Not a JSON object: [{"condition":"minecraft:entity_properties","entity":"this","predicate":{"type":"creeperoverhaul:beach_creeper","nbt":"{Tags:[\"h-nigh.mob\"]}"}}] missed input: {"requirement":{"trigger":"minecraft:player_killed_entity","conditions":{"entity":[{"condition":"minecraft:entity_properties","entity":"this","predicate":{"type":"creeperoverhaul:beach_creeper","nbt":"{Tags:[\"h-nigh.mob\"]}"}}]}}}; Advancement criteria cannot be empty
[07:25:46] [ServerMain/ERROR]: Parsing error loading custom advancement h-nigh:stats/mobs/creepers/modded/jungle_creeper: Not a JSON object: [{"condition":"minecraft:entity_properties","entity":"this","predicate":{"type":"creeperoverhaul:jungle_creeper","nbt":"{Tags:[\"h-nigh.mob\"]}"}}] missed input: {"requirement":{"trigger":"minecraft:player_killed_entity","conditions":{"entity":[{"condition":"minecraft:entity_properties","entity":"this","predicate":{"type":"creeperoverhaul:jungle_creeper","nbt":"{Tags:[\"h-nigh.mob\"]}"}}]}}}; Advancement criteria cannot be empty
[07:25:46] [ServerMain/ERROR]: Parsing error loading custom advancement h-nigh:stats/mobs/creepers/modded/dripstone_creeper: Not a JSON object: [{"condition":"minecraft:entity_properties","entity":"this","predicate":{"type":"creeperoverhaul:dripstone_creeper","nbt":"{Tags:[\"h-nigh.mob\"]}"}}] missed input: {"requirement":{"trigger":"minecraft:player_killed_entity","conditions":{"entity":[{"condition":"minecraft:entity_properties","entity":"this","predicate":{"type":"creeperoverhaul:dripstone_creeper","nbt":"{Tags:[\"h-nigh.mob\"]}"}}]}}}; Advancement criteria cannot be empty
[07:25:46] [ServerMain/ERROR]: Parsing error loading custom advancement h-nigh:stats/mobs/creepers/modded/swamp_creeper: Not a JSON object: [{"condition":"minecraft:entity_properties","entity":"this","predicate":{"type":"creeperoverhaul:swamp_creeper","nbt":"{Tags:[\"h-nigh.mob\"]}"}}] missed input: {"requirement":{"trigger":"minecraft:player_killed_entity","conditions":{"entity":[{"condition":"minecraft:entity_properties","entity":"this","predicate":{"type":"creeperoverhaul:swamp_creeper","nbt":"{Tags:[\"h-nigh.mob\"]}"}}]}}}; Advancement criteria cannot be empty
[07:25:46] [ServerMain/ERROR]: Parsing error loading custom advancement h-nigh:stats/mobs/creepers/modded/desert_creeper: Not a JSON object: [{"condition":"minecraft:entity_properties","entity":"this","predicate":{"type":"creeperoverhaul:desert_creeper","nbt":"{Tags:[\"h-nigh.mob\"]}"}}] missed input: {"requirement":{"trigger":"minecraft:player_killed_entity","conditions":{"entity":[{"condition":"minecraft:entity_properties","entity":"this","predicate":{"type":"creeperoverhaul:desert_creeper","nbt":"{Tags:[\"h-nigh.mob\"]}"}}]}}}; Advancement criteria cannot be empty
[07:25:46] [ServerMain/ERROR]: Parsing error loading custom advancement h-nigh:stats/mobs/creepers/modded/cave_creeper: Not a JSON object: [{"condition":"minecraft:entity_properties","entity":"this","predicate":{"type":"creeperoverhaul:cave_creeper","nbt":"{Tags:[\"h-nigh.mob\"]}"}}] missed input: {"requirement":{"trigger":"minecraft:player_killed_entity","conditions":{"entity":[{"condition":"minecraft:entity_properties","entity":"this","predicate":{"type":"creeperoverhaul:cave_creeper","nbt":"{Tags:[\"h-nigh.mob\"]}"}}]}}}; Advancement criteria cannot be empty
[07:25:46] [ServerMain/ERROR]: Parsing error loading custom advancement h-nigh:stats/mobs/creepers/modded/hills_creeper: Not a JSON object: [{"condition":"minecraft:entity_properties","entity":"this","predicate":{"type":"creeperoverhaul:hills_creeper","nbt":"{Tags:[\"h-nigh.mob\"]}"}}] missed input: {"requirement":{"trigger":"minecraft:player_killed_entity","conditions":{"entity":[{"condition":"minecraft:entity_properties","entity":"this","predicate":{"type":"creeperoverhaul:hills_creeper","nbt":"{Tags:[\"h-nigh.mob\"]}"}}]}}}; Advancement criteria cannot be empty
[07:25:46] [ServerMain/ERROR]: Parsing error loading custom advancement h-nigh:stats/mobs/creepers/modded/savannah_creeper: Not a JSON object: [{"condition":"minecraft:entity_properties","entity":"this","predicate":{"type":"creeperoverhaul:savannah_creeper","nbt":"{Tags:[\"h-nigh.mob\"]}"}}] missed input: {"requirement":{"trigger":"minecraft:player_killed_entity","conditions":{"entity":[{"condition":"minecraft:entity_properties","entity":"this","predicate":{"type":"creeperoverhaul:savannah_creeper","nbt":"{Tags:[\"h-nigh.mob\"]}"}}]}}}; Advancement criteria cannot be empty
[07:25:46] [ServerMain/ERROR]: Couldn't load advancements: [h-nigh:many_nights]
[07:25:46] [ServerMain/INFO]: Loaded 1777 advancements
[07:25:46] [Server thread/INFO]: Starting minecraft server version 1.20.4
[07:25:46] [Server thread/INFO]: Loading properties
[07:25:46] [Server thread/INFO]: This server is running Paper version git-Paper-499 (MC: 1.20.4) (Implementing API version 1.20.4-R0.1-SNAPSHOT) (Git: 9de3f75 on ver/1.20.4)
[07:25:47] [Server thread/INFO]: Using 4 threads for Netty based IO
[07:25:47] [Server thread/INFO]: Server Ping Player Sample Count: 12
[07:25:47] [Server thread/WARN]: [!] The timings profiler has been enabled but has been scheduled for removal from Paper in the future.
    We recommend installing the spark profiler as a replacement: https://spark.lucko.me/
    For more information please visit: https://github.com/PaperMC/Paper/issues/8948
[07:25:47] [Server thread/INFO]: [ChunkTaskScheduler] Chunk system is using 1 I/O threads, 2 worker threads, and gen parallelism of 2 threads
[07:25:47] [Server thread/INFO]: Default game type: SURVIVAL
[07:25:47] [Server thread/INFO]: Generating keypair
[07:25:47] [Server thread/INFO]: Starting Minecraft server on *:25565
[07:25:47] [Server thread/INFO]: Using epoll channel type
[07:25:47] [Server thread/INFO]: Paper: Using libdeflate (Linux aarch64) compression from Velocity.
[07:25:47] [Server thread/INFO]: Paper: Using OpenSSL (Linux aarch64) cipher from Velocity.
[07:25:47] [Server thread/INFO]: [SkinsRestorer] Loading server plugin SkinsRestorer v15.5.1
[07:25:47] [Server thread/INFO]: [SkinsRestorer] Enabling SkinsRestorer v15.5.1
[07:25:48] [Server thread/WARN]: [SkinsRestorer] You must agree to the rules at 'commands.perSkinPermissionsConsent' in the config to use per skin permissions.
[07:25:48] [Server thread/INFO]: [SkinsRestorer] Running on Minecraft 1.20.4.
[07:25:48] [Server thread/INFO]: [SkinsRestorer] Using paper join listener!
[07:25:48] [Server thread/WARN]: **** SERVER IS RUNNING IN OFFLINE/INSECURE MODE!
[07:25:48] [Server thread/WARN]: The server will make no attempt to authenticate usernames. Beware.
[07:25:48] [Server thread/WARN]: While this makes the game possible to play without internet access, it also opens up the ability for hackers to connect with any username they choose.
[07:25:48] [Server thread/WARN]: To change this, set "online-mode" to "true" in the server.properties file.
[07:25:48] [Server thread/INFO]: Preparing level "world"
[07:25:49] [Yggdrasil Key Fetcher/ERROR]: Failed to request yggdrasil public key
com.mojang.authlib.exceptions.MinecraftClientException: Failed to read from https://api.minecraftservices.com/publickeys due to Connect timed out
	at com.mojang.authlib.minecraft.client.MinecraftClient.readInputStream(MinecraftClient.java:108) ~[authlib-6.0.52.jar:?]
	at com.mojang.authlib.minecraft.client.MinecraftClient.get(MinecraftClient.java:57) ~[authlib-6.0.52.jar:?]
	at com.mojang.authlib.yggdrasil.YggdrasilServicesKeyInfo.fetch(YggdrasilServicesKeyInfo.java:114) ~[authlib-6.0.52.jar:?]
	at com.mojang.authlib.yggdrasil.YggdrasilServicesKeyInfo$1.run(YggdrasilServicesKeyInfo.java:89) ~[authlib-6.0.52.jar:?]
	at java.util.concurrent.Executors$RunnableAdapter.call(Unknown Source) ~[?:?]
	at java.util.concurrent.FutureTask.run(Unknown Source) ~[?:?]
	at java.util.concurrent.ScheduledThreadPoolExecutor$ScheduledFutureTask.run(Unknown Source) ~[?:?]
	at java.util.concurrent.ThreadPoolExecutor.runWorker(Unknown Source) ~[?:?]
	at java.util.concurrent.ThreadPoolExecutor$Worker.run(Unknown Source) ~[?:?]
	at java.lang.Thread.run(Unknown Source) ~[?:?]
Caused by: java.net.SocketTimeoutException: Connect timed out
	at sun.nio.ch.NioSocketImpl.timedFinishConnect(Unknown Source) ~[?:?]
	at sun.nio.ch.NioSocketImpl.connect(Unknown Source) ~[?:?]
	at java.net.SocksSocketImpl.connect(Unknown Source) ~[?:?]
	at java.net.Socket.connect(Unknown Source) ~[?:?]
	at sun.security.ssl.SSLSocketImpl.connect(Unknown Source) ~[?:?]
	at sun.net.NetworkClient.doConnect(Unknown Source) ~[?:?]
	at sun.net.www.http.HttpClient.openServer(Unknown Source) ~[?:?]
	at sun.net.www.http.HttpClient.openServer(Unknown Source) ~[?:?]
	at sun.net.www.protocol.https.HttpsClient.<init>(Unknown Source) ~[?:?]
	at sun.net.www.protocol.https.HttpsClient.New(Unknown Source) ~[?:?]
	at sun.net.www.protocol.https.AbstractDelegateHttpsURLConnection.getNewHttpClient(Unknown Source) ~[?:?]
	at sun.net.www.protocol.http.HttpURLConnection.plainConnect0(Unknown Source) ~[?:?]
	at sun.net.www.protocol.http.HttpURLConnection.plainConnect(Unknown Source) ~[?:?]
	at sun.net.www.protocol.https.AbstractDelegateHttpsURLConnection.connect(Unknown Source) ~[?:?]
	at sun.net.www.protocol.http.HttpURLConnection.getInputStream0(Unknown Source) ~[?:?]
	at sun.net.www.protocol.http.HttpURLConnection.getInputStream(Unknown Source) ~[?:?]
	at java.net.HttpURLConnection.getResponseCode(Unknown Source) ~[?:?]
	at sun.net.www.protocol.https.HttpsURLConnectionImpl.getResponseCode(Unknown Source) ~[?:?]
	at com.mojang.authlib.minecraft.client.MinecraftClient.readInputStream(MinecraftClient.java:84) ~[authlib-6.0.52.jar:?]
	... 9 more
[07:25:49] [Folia Async Scheduler Thread #1/INFO]: [SkinsRestorer] ----------------------------------------------
[07:25:49] [Folia Async Scheduler Thread #1/INFO]: [SkinsRestorer]     +==================+
[07:25:49] [Folia Async Scheduler Thread #1/INFO]: [SkinsRestorer]     |   SkinsRestorer  |
[07:25:49] [Folia Async Scheduler Thread #1/INFO]: [SkinsRestorer]     |------------------|
[07:25:49] [Folia Async Scheduler Thread #1/INFO]: [SkinsRestorer]     |  Standalone Mode |
[07:25:49] [Folia Async Scheduler Thread #1/INFO]: [SkinsRestorer]     +==================+
[07:25:49] [Folia Async Scheduler Thread #1/INFO]: [SkinsRestorer] ----------------------------------------------
[07:25:49] [Folia Async Scheduler Thread #1/INFO]: [SkinsRestorer]     Version: 15.5.1
[07:25:49] [Folia Async Scheduler Thread #1/INFO]: [SkinsRestorer]     Commit: d5d8613
[07:25:49] [Folia Async Scheduler Thread #1/INFO]: [SkinsRestorer]     This is the latest version!
[07:25:49] [Folia Async Scheduler Thread #1/INFO]: [SkinsRestorer] ----------------------------------------------
[07:25:49] [Folia Async Scheduler Thread #1/INFO]: [SkinsRestorer] Do you have issues? Read our troubleshooting guide: https://skinsrestorer.net/docs/troubleshooting
[07:25:49] [Folia Async Scheduler Thread #1/INFO]: [SkinsRestorer] Want to support SkinsRestorer? Consider donating: https://skinsrestorer.net/donate
[07:25:54] [Server thread/INFO]: Preparing start region for dimension minecraft:overworld
[07:25:55] [Server thread/INFO]: Time elapsed: 49 ms
[07:25:55] [Server thread/INFO]: Preparing start region for dimension minecraft:the_nether
[07:25:55] [Server thread/INFO]: Time elapsed: 41 ms
[07:25:55] [Server thread/INFO]: Preparing start region for dimension minecraft:the_end
[07:25:55] [Server thread/INFO]: Time elapsed: 40 ms
[07:25:55] [Server thread/INFO]: Starting remote control listener
[07:25:55] [Server thread/INFO]: Thread RCON Listener started
[07:25:55] [Server thread/INFO]: RCON running on 0.0.0.0:25575
[07:25:55] [Server thread/INFO]: Running delayed init tasks
[07:25:55] [Server thread/INFO]: Done (8.448s)! For help, type "help"
[07:25:55] [Server thread/INFO]: Timings Reset
[07:26:14] [Tuinity Chunk System Worker #0/ERROR]: Hanging entity at invalid position: BlockPosition{x=216, y=47, z=211}
[07:26:16] [User Authenticator #0/INFO]: UUID of player MrDenySU is a611fdfd-822f-33f2-afe6-c5da4cccb0a9
[07:26:21] [Server thread/INFO]: MrDenySU joined the game
[07:26:21] [Server thread/INFO]: MrDenySU[/192.168.117.1:42467] logged in with entity id 51 at ([world]3.5, 77.0, 2.5)
[07:26:29] [Server thread/INFO]: MrDenySU lost connection: Disconnected
[07:26:29] [Server thread/INFO]: MrDenySU left the game
